ERROR - 2023-10-27 00:03:34 --> Error connecting to the database: mysqli_sql_exception: No se puede establecer una conexión ya que el equipo de destino denegó expresamente dicha conexión in C:\Users\Moisés David\Desktop\Adopciones\Adopciones\system\Database\MySQLi\Connection.php:184
Stack trace:
#0 C:\Users\Moisés David\Desktop\Adopciones\Adopciones\system\Database\MySQLi\Connection.php(184): mysqli->real_connect('127.0.0.1', 'david', Object(SensitiveParameterValue), 'Adopciones', 3306, '', 0)
#1 C:\Users\Moisés David\Desktop\Adopciones\Adopciones\system\Database\BaseConnection.php(391): CodeIgniter\Database\MySQLi\Connection->connect(false)
#2 C:\Users\Moisés David\Desktop\Adopciones\Adopciones\system\Database\BaseConnection.php(574): CodeIgniter\Database\BaseConnection->initialize()
#3 C:\Users\Moisés David\Desktop\Adopciones\Adopciones\system\Database\BaseBuilder.php(1615): CodeIgniter\Database\BaseConnection->query('SELECT *\nFROM `...', Array, false)
#4 C:\Users\Moisés David\Desktop\Adopciones\Adopciones\system\Model.php(237): CodeIgniter\Database\BaseBuilder->get()
#5 C:\Users\Moisés David\Desktop\Adopciones\Adopciones\system\BaseModel.php(624): CodeIgniter\Model->doFindAll(0, 0)
#6 C:\Users\Moisés David\Desktop\Adopciones\Adopciones\app\Controllers\AdopcionesController.php(26): CodeIgniter\BaseModel->findAll()
#7 C:\Users\Moisés David\Desktop\Adopciones\Adopciones\system\CodeIgniter.php(919): App\Controllers\AdopcionesController->agregar()
#8 C:\Users\Moisés David\Desktop\Adopciones\Adopciones\system\CodeIgniter.php(494): CodeIgniter\CodeIgniter->runController(Object(App\Controllers\AdopcionesController))
#9 C:\Users\Moisés David\Desktop\Adopciones\Adopciones\system\CodeIgniter.php(353): CodeIgniter\CodeIgniter->handleRequest(NULL, Object(Config\Cache), false)
#10 C:\Users\Moisés David\Desktop\Adopciones\Adopciones\public\index.php(79): CodeIgniter\CodeIgniter->run()
#11 C:\Users\Moisés David\Desktop\Adopciones\Adopciones\system\Commands\Server\rewrite.php(47): require_once('C:\\Users\\Mois\xC3\xA9...')
#12 {main}

Next CodeIgniter\Database\Exceptions\DatabaseException: No se puede establecer una conexión ya que el equipo de destino denegó expresamente dicha conexión in C:\Users\Moisés David\Desktop\Adopciones\Adopciones\system\Database\MySQLi\Connection.php:229
Stack trace:
#0 C:\Users\Moisés David\Desktop\Adopciones\Adopciones\system\Database\BaseConnection.php(391): CodeIgniter\Database\MySQLi\Connection->connect(false)
#1 C:\Users\Moisés David\Desktop\Adopciones\Adopciones\system\Database\BaseConnection.php(574): CodeIgniter\Database\BaseConnection->initialize()
#2 C:\Users\Moisés David\Desktop\Adopciones\Adopciones\system\Database\BaseBuilder.php(1615): CodeIgniter\Database\BaseConnection->query('SELECT *\nFROM `...', Array, false)
#3 C:\Users\Moisés David\Desktop\Adopciones\Adopciones\system\Model.php(237): CodeIgniter\Database\BaseBuilder->get()
#4 C:\Users\Moisés David\Desktop\Adopciones\Adopciones\system\BaseModel.php(624): CodeIgniter\Model->doFindAll(0, 0)
#5 C:\Users\Moisés David\Desktop\Adopciones\Adopciones\app\Controllers\AdopcionesController.php(26): CodeIgniter\BaseModel->findAll()
#6 C:\Users\Moisés David\Desktop\Adopciones\Adopciones\system\CodeIgniter.php(919): App\Controllers\AdopcionesController->agregar()
#7 C:\Users\Moisés David\Desktop\Adopciones\Adopciones\system\CodeIgniter.php(494): CodeIgniter\CodeIgniter->runController(Object(App\Controllers\AdopcionesController))
#8 C:\Users\Moisés David\Desktop\Adopciones\Adopciones\system\CodeIgniter.php(353): CodeIgniter\CodeIgniter->handleRequest(NULL, Object(Config\Cache), false)
#9 C:\Users\Moisés David\Desktop\Adopciones\Adopciones\public\index.php(79): CodeIgniter\CodeIgniter->run()
#10 C:\Users\Moisés David\Desktop\Adopciones\Adopciones\system\Commands\Server\rewrite.php(47): require_once('C:\\Users\\Mois\xC3\xA9...')
#11 {main}
CRITICAL - 2023-10-27 00:03:34 --> Unable to connect to the database.
Main connection [MySQLi]: No se puede establecer una conexión ya que el equipo de destino denegó expresamente dicha conexión
in SYSTEMPATH\Database\BaseConnection.php on line 427.
 1 SYSTEMPATH\Database\BaseConnection.php(574): CodeIgniter\Database\BaseConnection->initialize()
 2 SYSTEMPATH\Database\BaseBuilder.php(1615): CodeIgniter\Database\BaseConnection->query('SELECT *
FROM `adoptador`', [], false)
 3 SYSTEMPATH\Model.php(237): CodeIgniter\Database\BaseBuilder->get()
 4 SYSTEMPATH\BaseModel.php(624): CodeIgniter\Model->doFindAll(0, 0)
 5 APPPATH\Controllers\AdopcionesController.php(26): CodeIgniter\BaseModel->findAll()
 6 SYSTEMPATH\CodeIgniter.php(919): App\Controllers\AdopcionesController->agregar()
 7 SYSTEMPATH\CodeIgniter.php(494): CodeIgniter\CodeIgniter->runController(Object(App\Controllers\AdopcionesController))
 8 SYSTEMPATH\CodeIgniter.php(353): CodeIgniter\CodeIgniter->handleRequest(null, Object(Config\Cache), false)
 9 FCPATH\index.php(79): CodeIgniter\CodeIgniter->run()
10 SYSTEMPATH\Commands\Server\rewrite.php(47): require_once('C:\\Users\\Moisés David\\Desktop\\Adopciones\\Adopciones\\public\\index.php')
CRITICAL - 2023-10-27 00:37:07 --> Attempt to read property "idMascota" on null
in APPPATH\Views\Mascotas\editar.php on line 21.
 1 APPPATH\Views\Mascotas\editar.php(21): CodeIgniter\Debug\Exceptions->errorHandler(2, 'Attempt to read property "idMascota" on null', 'C:\\Users\\Moisés David\\Desktop\\Adopciones\\Adopciones\\app\\Views\\Mascotas\\editar.php', 21)
 2 SYSTEMPATH\View\View.php(226): include('C:\\Users\\Moisés David\\Desktop\\Adopciones\\Adopciones\\app\\Views\\Mascotas\\editar.php')
 3 SYSTEMPATH\View\View.php(229): CodeIgniter\View\View->CodeIgniter\View\{closure}()
 4 SYSTEMPATH\Common.php(1188): CodeIgniter\View\View->render('Mascotas/editar', [], true)
 5 APPPATH\Controllers\AdopcionesController.php(105): view('Mascotas/editar', [...])
 6 SYSTEMPATH\CodeIgniter.php(919): App\Controllers\AdopcionesController->editar('3')
 7 SYSTEMPATH\CodeIgniter.php(494): CodeIgniter\CodeIgniter->runController(Object(App\Controllers\AdopcionesController))
 8 SYSTEMPATH\CodeIgniter.php(353): CodeIgniter\CodeIgniter->handleRequest(null, Object(Config\Cache), false)
 9 FCPATH\index.php(79): CodeIgniter\CodeIgniter->run()
10 SYSTEMPATH\Commands\Server\rewrite.php(47): require_once('C:\\Users\\Moisés David\\Desktop\\Adopciones\\Adopciones\\public\\index.php')
CRITICAL - 2023-10-27 00:49:21 --> Undefined variable $mascota
in APPPATH\Views\Mascotas\editar.php on line 21.
 1 APPPATH\Views\Mascotas\editar.php(21): CodeIgniter\Debug\Exceptions->errorHandler(2, 'Undefined variable $mascota', 'C:\\Users\\Moisés David\\Desktop\\Adopciones\\Adopciones\\app\\Views\\Mascotas\\editar.php', 21)
 2 SYSTEMPATH\View\View.php(226): include('C:\\Users\\Moisés David\\Desktop\\Adopciones\\Adopciones\\app\\Views\\Mascotas\\editar.php')
 3 SYSTEMPATH\View\View.php(229): CodeIgniter\View\View->CodeIgniter\View\{closure}()
 4 SYSTEMPATH\Common.php(1188): CodeIgniter\View\View->render('Mascotas/editar', [], true)
 5 APPPATH\Controllers\AdopcionesController.php(101): view('Mascotas/editar', [...])
 6 SYSTEMPATH\CodeIgniter.php(919): App\Controllers\AdopcionesController->editar('3')
 7 SYSTEMPATH\CodeIgniter.php(494): CodeIgniter\CodeIgniter->runController(Object(App\Controllers\AdopcionesController))
 8 SYSTEMPATH\CodeIgniter.php(353): CodeIgniter\CodeIgniter->handleRequest(null, Object(Config\Cache), false)
 9 FCPATH\index.php(79): CodeIgniter\CodeIgniter->run()
10 SYSTEMPATH\Commands\Server\rewrite.php(47): require_once('C:\\Users\\Moisés David\\Desktop\\Adopciones\\Adopciones\\public\\index.php')
CRITICAL - 2023-10-27 00:51:37 --> Attempt to read property "idMascota" on array
in APPPATH\Views\Mascotas\editar.php on line 21.
 1 APPPATH\Views\Mascotas\editar.php(21): CodeIgniter\Debug\Exceptions->errorHandler(2, 'Attempt to read property "idMascota" on array', 'C:\\Users\\Moisés David\\Desktop\\Adopciones\\Adopciones\\app\\Views\\Mascotas\\editar.php', 21)
 2 SYSTEMPATH\View\View.php(226): include('C:\\Users\\Moisés David\\Desktop\\Adopciones\\Adopciones\\app\\Views\\Mascotas\\editar.php')
 3 SYSTEMPATH\View\View.php(229): CodeIgniter\View\View->CodeIgniter\View\{closure}()
 4 SYSTEMPATH\Common.php(1188): CodeIgniter\View\View->render('Mascotas/editar', [], true)
 5 APPPATH\Controllers\AdopcionesController.php(105): view('Mascotas/editar', [...])
 6 SYSTEMPATH\CodeIgniter.php(919): App\Controllers\AdopcionesController->editar('3')
 7 SYSTEMPATH\CodeIgniter.php(494): CodeIgniter\CodeIgniter->runController(Object(App\Controllers\AdopcionesController))
 8 SYSTEMPATH\CodeIgniter.php(353): CodeIgniter\CodeIgniter->handleRequest(null, Object(Config\Cache), false)
 9 FCPATH\index.php(79): CodeIgniter\CodeIgniter->run()
10 SYSTEMPATH\Commands\Server\rewrite.php(47): require_once('C:\\Users\\Moisés David\\Desktop\\Adopciones\\Adopciones\\public\\index.php')
CRITICAL - 2023-10-27 00:52:31 --> Attempt to read property "idMascota" on array
in APPPATH\Views\Mascotas\editar.php on line 21.
 1 APPPATH\Views\Mascotas\editar.php(21): CodeIgniter\Debug\Exceptions->errorHandler(2, 'Attempt to read property "idMascota" on array', 'C:\\Users\\Moisés David\\Desktop\\Adopciones\\Adopciones\\app\\Views\\Mascotas\\editar.php', 21)
 2 SYSTEMPATH\View\View.php(226): include('C:\\Users\\Moisés David\\Desktop\\Adopciones\\Adopciones\\app\\Views\\Mascotas\\editar.php')
 3 SYSTEMPATH\View\View.php(229): CodeIgniter\View\View->CodeIgniter\View\{closure}()
 4 SYSTEMPATH\Common.php(1188): CodeIgniter\View\View->render('Mascotas/editar', [], true)
 5 APPPATH\Controllers\AdopcionesController.php(105): view('Mascotas/editar', [...])
 6 SYSTEMPATH\CodeIgniter.php(919): App\Controllers\AdopcionesController->editar('3')
 7 SYSTEMPATH\CodeIgniter.php(494): CodeIgniter\CodeIgniter->runController(Object(App\Controllers\AdopcionesController))
 8 SYSTEMPATH\CodeIgniter.php(353): CodeIgniter\CodeIgniter->handleRequest(null, Object(Config\Cache), false)
 9 FCPATH\index.php(79): CodeIgniter\CodeIgniter->run()
10 SYSTEMPATH\Commands\Server\rewrite.php(47): require_once('C:\\Users\\Moisés David\\Desktop\\Adopciones\\Adopciones\\public\\index.php')
CRITICAL - 2023-10-27 00:52:59 --> Attempt to read property "idMascota" on array
in APPPATH\Views\Mascotas\editar.php on line 21.
 1 APPPATH\Views\Mascotas\editar.php(21): CodeIgniter\Debug\Exceptions->errorHandler(2, 'Attempt to read property "idMascota" on array', 'C:\\Users\\Moisés David\\Desktop\\Adopciones\\Adopciones\\app\\Views\\Mascotas\\editar.php', 21)
 2 SYSTEMPATH\View\View.php(226): include('C:\\Users\\Moisés David\\Desktop\\Adopciones\\Adopciones\\app\\Views\\Mascotas\\editar.php')
 3 SYSTEMPATH\View\View.php(229): CodeIgniter\View\View->CodeIgniter\View\{closure}()
 4 SYSTEMPATH\Common.php(1188): CodeIgniter\View\View->render('Mascotas/editar', [], true)
 5 APPPATH\Controllers\AdopcionesController.php(105): view('Mascotas/editar', [...])
 6 SYSTEMPATH\CodeIgniter.php(919): App\Controllers\AdopcionesController->editar('5')
 7 SYSTEMPATH\CodeIgniter.php(494): CodeIgniter\CodeIgniter->runController(Object(App\Controllers\AdopcionesController))
 8 SYSTEMPATH\CodeIgniter.php(353): CodeIgniter\CodeIgniter->handleRequest(null, Object(Config\Cache), false)
 9 FCPATH\index.php(79): CodeIgniter\CodeIgniter->run()
10 SYSTEMPATH\Commands\Server\rewrite.php(47): require_once('C:\\Users\\Moisés David\\Desktop\\Adopciones\\Adopciones\\public\\index.php')
CRITICAL - 2023-10-27 00:54:44 --> Attempt to read property "idMascota" on array
in APPPATH\Views\Mascotas\editar.php on line 21.
 1 APPPATH\Views\Mascotas\editar.php(21): CodeIgniter\Debug\Exceptions->errorHandler(2, 'Attempt to read property "idMascota" on array', 'C:\\Users\\Moisés David\\Desktop\\Adopciones\\Adopciones\\app\\Views\\Mascotas\\editar.php', 21)
 2 SYSTEMPATH\View\View.php(226): include('C:\\Users\\Moisés David\\Desktop\\Adopciones\\Adopciones\\app\\Views\\Mascotas\\editar.php')
 3 SYSTEMPATH\View\View.php(229): CodeIgniter\View\View->CodeIgniter\View\{closure}()
 4 SYSTEMPATH\Common.php(1188): CodeIgniter\View\View->render('Mascotas/editar', [], true)
 5 APPPATH\Controllers\AdopcionesController.php(105): view('Mascotas/editar', [...])
 6 SYSTEMPATH\CodeIgniter.php(919): App\Controllers\AdopcionesController->editar('3')
 7 SYSTEMPATH\CodeIgniter.php(494): CodeIgniter\CodeIgniter->runController(Object(App\Controllers\AdopcionesController))
 8 SYSTEMPATH\CodeIgniter.php(353): CodeIgniter\CodeIgniter->handleRequest(null, Object(Config\Cache), false)
 9 FCPATH\index.php(79): CodeIgniter\CodeIgniter->run()
10 SYSTEMPATH\Commands\Server\rewrite.php(47): require_once('C:\\Users\\Moisés David\\Desktop\\Adopciones\\Adopciones\\public\\index.php')
CRITICAL - 2023-10-27 01:39:23 --> Attempt to read property "idMascota" on array
in APPPATH\Views\Mascotas\editar.php on line 21.
 1 APPPATH\Views\Mascotas\editar.php(21): CodeIgniter\Debug\Exceptions->errorHandler(2, 'Attempt to read property "idMascota" on array', 'C:\\Users\\Moisés David\\Desktop\\Adopciones\\Adopciones\\app\\Views\\Mascotas\\editar.php', 21)
 2 SYSTEMPATH\View\View.php(226): include('C:\\Users\\Moisés David\\Desktop\\Adopciones\\Adopciones\\app\\Views\\Mascotas\\editar.php')
 3 SYSTEMPATH\View\View.php(229): CodeIgniter\View\View->CodeIgniter\View\{closure}()
 4 SYSTEMPATH\Common.php(1188): CodeIgniter\View\View->render('Mascotas/editar', [], true)
 5 APPPATH\Controllers\AdopcionesController.php(105): view('Mascotas/editar', [...])
 6 SYSTEMPATH\CodeIgniter.php(919): App\Controllers\AdopcionesController->editar('3')
 7 SYSTEMPATH\CodeIgniter.php(494): CodeIgniter\CodeIgniter->runController(Object(App\Controllers\AdopcionesController))
 8 SYSTEMPATH\CodeIgniter.php(353): CodeIgniter\CodeIgniter->handleRequest(null, Object(Config\Cache), false)
 9 FCPATH\index.php(79): CodeIgniter\CodeIgniter->run()
10 SYSTEMPATH\Commands\Server\rewrite.php(47): require_once('C:\\Users\\Moisés David\\Desktop\\Adopciones\\Adopciones\\public\\index.php')
CRITICAL - 2023-10-27 02:07:08 --> Attempt to read property "idMascota" on array
in APPPATH\Views\Mascotas\editar.php on line 21.
 1 APPPATH\Views\Mascotas\editar.php(21): CodeIgniter\Debug\Exceptions->errorHandler(2, 'Attempt to read property "idMascota" on array', 'C:\\Users\\Moisés David\\Desktop\\Adopciones\\Adopciones\\app\\Views\\Mascotas\\editar.php', 21)
 2 SYSTEMPATH\View\View.php(226): include('C:\\Users\\Moisés David\\Desktop\\Adopciones\\Adopciones\\app\\Views\\Mascotas\\editar.php')
 3 SYSTEMPATH\View\View.php(229): CodeIgniter\View\View->CodeIgniter\View\{closure}()
 4 SYSTEMPATH\Common.php(1188): CodeIgniter\View\View->render('Mascotas/editar', [], true)
 5 APPPATH\Controllers\AdopcionesController.php(105): view('Mascotas/editar', [...])
 6 SYSTEMPATH\CodeIgniter.php(919): App\Controllers\AdopcionesController->editar('3')
 7 SYSTEMPATH\CodeIgniter.php(494): CodeIgniter\CodeIgniter->runController(Object(App\Controllers\AdopcionesController))
 8 SYSTEMPATH\CodeIgniter.php(353): CodeIgniter\CodeIgniter->handleRequest(null, Object(Config\Cache), false)
 9 FCPATH\index.php(79): CodeIgniter\CodeIgniter->run()
10 SYSTEMPATH\Commands\Server\rewrite.php(47): require_once('C:\\Users\\Moisés David\\Desktop\\Adopciones\\Adopciones\\public\\index.php')
CRITICAL - 2023-10-27 02:07:16 --> Attempt to read property "idMascota" on array
in APPPATH\Views\Mascotas\editar.php on line 21.
 1 APPPATH\Views\Mascotas\editar.php(21): CodeIgniter\Debug\Exceptions->errorHandler(2, 'Attempt to read property "idMascota" on array', 'C:\\Users\\Moisés David\\Desktop\\Adopciones\\Adopciones\\app\\Views\\Mascotas\\editar.php', 21)
 2 SYSTEMPATH\View\View.php(226): include('C:\\Users\\Moisés David\\Desktop\\Adopciones\\Adopciones\\app\\Views\\Mascotas\\editar.php')
 3 SYSTEMPATH\View\View.php(229): CodeIgniter\View\View->CodeIgniter\View\{closure}()
 4 SYSTEMPATH\Common.php(1188): CodeIgniter\View\View->render('Mascotas/editar', [], true)
 5 APPPATH\Controllers\AdopcionesController.php(105): view('Mascotas/editar', [...])
 6 SYSTEMPATH\CodeIgniter.php(919): App\Controllers\AdopcionesController->editar('3')
 7 SYSTEMPATH\CodeIgniter.php(494): CodeIgniter\CodeIgniter->runController(Object(App\Controllers\AdopcionesController))
 8 SYSTEMPATH\CodeIgniter.php(353): CodeIgniter\CodeIgniter->handleRequest(null, Object(Config\Cache), false)
 9 FCPATH\index.php(79): CodeIgniter\CodeIgniter->run()
10 SYSTEMPATH\Commands\Server\rewrite.php(47): require_once('C:\\Users\\Moisés David\\Desktop\\Adopciones\\Adopciones\\public\\index.php')
CRITICAL - 2023-10-27 02:08:08 --> Attempt to read property "idMascota" on array
in APPPATH\Views\Mascotas\editar.php on line 21.
 1 APPPATH\Views\Mascotas\editar.php(21): CodeIgniter\Debug\Exceptions->errorHandler(2, 'Attempt to read property "idMascota" on array', 'C:\\Users\\Moisés David\\Desktop\\Adopciones\\Adopciones\\app\\Views\\Mascotas\\editar.php', 21)
 2 SYSTEMPATH\View\View.php(226): include('C:\\Users\\Moisés David\\Desktop\\Adopciones\\Adopciones\\app\\Views\\Mascotas\\editar.php')
 3 SYSTEMPATH\View\View.php(229): CodeIgniter\View\View->CodeIgniter\View\{closure}()
 4 SYSTEMPATH\Common.php(1188): CodeIgniter\View\View->render('Mascotas/editar', [], true)
 5 APPPATH\Controllers\AdopcionesController.php(105): view('Mascotas/editar', [...])
 6 SYSTEMPATH\CodeIgniter.php(919): App\Controllers\AdopcionesController->editar('3')
 7 SYSTEMPATH\CodeIgniter.php(494): CodeIgniter\CodeIgniter->runController(Object(App\Controllers\AdopcionesController))
 8 SYSTEMPATH\CodeIgniter.php(353): CodeIgniter\CodeIgniter->handleRequest(null, Object(Config\Cache), false)
 9 FCPATH\index.php(79): CodeIgniter\CodeIgniter->run()
10 SYSTEMPATH\Commands\Server\rewrite.php(47): require_once('C:\\Users\\Moisés David\\Desktop\\Adopciones\\Adopciones\\public\\index.php')
CRITICAL - 2023-10-27 02:08:35 --> Undefined variable $adoptadores
in APPPATH\Views\Adopciones\editar.php on line 25.
 1 APPPATH\Views\Adopciones\editar.php(25): CodeIgniter\Debug\Exceptions->errorHandler(2, 'Undefined variable $adoptadores', 'C:\\Users\\Moisés David\\Desktop\\Adopciones\\Adopciones\\app\\Views\\Adopciones\\editar.php', 25)
 2 SYSTEMPATH\View\View.php(226): include('C:\\Users\\Moisés David\\Desktop\\Adopciones\\Adopciones\\app\\Views\\Adopciones\\editar.php')
 3 SYSTEMPATH\View\View.php(229): CodeIgniter\View\View->CodeIgniter\View\{closure}()
 4 SYSTEMPATH\Common.php(1188): CodeIgniter\View\View->render('Adopciones/editar', [], true)
 5 APPPATH\Controllers\AdopcionesController.php(105): view('Adopciones/editar', [...])
 6 SYSTEMPATH\CodeIgniter.php(919): App\Controllers\AdopcionesController->editar('3')
 7 SYSTEMPATH\CodeIgniter.php(494): CodeIgniter\CodeIgniter->runController(Object(App\Controllers\AdopcionesController))
 8 SYSTEMPATH\CodeIgniter.php(353): CodeIgniter\CodeIgniter->handleRequest(null, Object(Config\Cache), false)
 9 FCPATH\index.php(79): CodeIgniter\CodeIgniter->run()
10 SYSTEMPATH\Commands\Server\rewrite.php(47): require_once('C:\\Users\\Moisés David\\Desktop\\Adopciones\\Adopciones\\public\\index.php')
CRITICAL - 2023-10-27 02:12:21 --> Undefined array key "idAdopcion"
in APPPATH\Controllers\AdopcionesController.php on line 84.
 1 APPPATH\Controllers\AdopcionesController.php(84): CodeIgniter\Debug\Exceptions->errorHandler(2, 'Undefined array key "idAdopcion"', 'C:\\Users\\Moisés David\\Desktop\\Adopciones\\Adopciones\\app\\Controllers\\AdopcionesController.php', 84)
 2 SYSTEMPATH\CodeIgniter.php(919): App\Controllers\AdopcionesController->update()
 3 SYSTEMPATH\CodeIgniter.php(494): CodeIgniter\CodeIgniter->runController(Object(App\Controllers\AdopcionesController))
 4 SYSTEMPATH\CodeIgniter.php(353): CodeIgniter\CodeIgniter->handleRequest(null, Object(Config\Cache), false)
 5 FCPATH\index.php(79): CodeIgniter\CodeIgniter->run()
 6 SYSTEMPATH\Commands\Server\rewrite.php(47): require_once('C:\\Users\\Moisés David\\Desktop\\Adopciones\\Adopciones\\public\\index.php')
CRITICAL - 2023-10-27 02:13:10 --> Undefined array key "idAdopcion"
in APPPATH\Controllers\AdopcionesController.php on line 84.
 1 APPPATH\Controllers\AdopcionesController.php(84): CodeIgniter\Debug\Exceptions->errorHandler(2, 'Undefined array key "idAdopcion"', 'C:\\Users\\Moisés David\\Desktop\\Adopciones\\Adopciones\\app\\Controllers\\AdopcionesController.php', 84)
 2 SYSTEMPATH\CodeIgniter.php(919): App\Controllers\AdopcionesController->update()
 3 SYSTEMPATH\CodeIgniter.php(494): CodeIgniter\CodeIgniter->runController(Object(App\Controllers\AdopcionesController))
 4 SYSTEMPATH\CodeIgniter.php(353): CodeIgniter\CodeIgniter->handleRequest(null, Object(Config\Cache), false)
 5 FCPATH\index.php(79): CodeIgniter\CodeIgniter->run()
 6 SYSTEMPATH\Commands\Server\rewrite.php(47): require_once('C:\\Users\\Moisés David\\Desktop\\Adopciones\\Adopciones\\public\\index.php')
CRITICAL - 2023-10-27 02:13:11 --> Undefined array key "idAdopcion"
in APPPATH\Controllers\AdopcionesController.php on line 84.
 1 APPPATH\Controllers\AdopcionesController.php(84): CodeIgniter\Debug\Exceptions->errorHandler(2, 'Undefined array key "idAdopcion"', 'C:\\Users\\Moisés David\\Desktop\\Adopciones\\Adopciones\\app\\Controllers\\AdopcionesController.php', 84)
 2 SYSTEMPATH\CodeIgniter.php(919): App\Controllers\AdopcionesController->update()
 3 SYSTEMPATH\CodeIgniter.php(494): CodeIgniter\CodeIgniter->runController(Object(App\Controllers\AdopcionesController))
 4 SYSTEMPATH\CodeIgniter.php(353): CodeIgniter\CodeIgniter->handleRequest(null, Object(Config\Cache), false)
 5 FCPATH\index.php(79): CodeIgniter\CodeIgniter->run()
 6 SYSTEMPATH\Commands\Server\rewrite.php(47): require_once('C:\\Users\\Moisés David\\Desktop\\Adopciones\\Adopciones\\public\\index.php')
CRITICAL - 2023-10-27 02:13:12 --> Undefined array key "idAdopcion"
in APPPATH\Controllers\AdopcionesController.php on line 84.
 1 APPPATH\Controllers\AdopcionesController.php(84): CodeIgniter\Debug\Exceptions->errorHandler(2, 'Undefined array key "idAdopcion"', 'C:\\Users\\Moisés David\\Desktop\\Adopciones\\Adopciones\\app\\Controllers\\AdopcionesController.php', 84)
 2 SYSTEMPATH\CodeIgniter.php(919): App\Controllers\AdopcionesController->update()
 3 SYSTEMPATH\CodeIgniter.php(494): CodeIgniter\CodeIgniter->runController(Object(App\Controllers\AdopcionesController))
 4 SYSTEMPATH\CodeIgniter.php(353): CodeIgniter\CodeIgniter->handleRequest(null, Object(Config\Cache), false)
 5 FCPATH\index.php(79): CodeIgniter\CodeIgniter->run()
 6 SYSTEMPATH\Commands\Server\rewrite.php(47): require_once('C:\\Users\\Moisés David\\Desktop\\Adopciones\\Adopciones\\public\\index.php')
CRITICAL - 2023-10-27 02:13:36 --> Undefined array key "idAdopcion"
in APPPATH\Controllers\AdopcionesController.php on line 84.
 1 APPPATH\Controllers\AdopcionesController.php(84): CodeIgniter\Debug\Exceptions->errorHandler(2, 'Undefined array key "idAdopcion"', 'C:\\Users\\Moisés David\\Desktop\\Adopciones\\Adopciones\\app\\Controllers\\AdopcionesController.php', 84)
 2 SYSTEMPATH\CodeIgniter.php(919): App\Controllers\AdopcionesController->update()
 3 SYSTEMPATH\CodeIgniter.php(494): CodeIgniter\CodeIgniter->runController(Object(App\Controllers\AdopcionesController))
 4 SYSTEMPATH\CodeIgniter.php(353): CodeIgniter\CodeIgniter->handleRequest(null, Object(Config\Cache), false)
 5 FCPATH\index.php(79): CodeIgniter\CodeIgniter->run()
 6 SYSTEMPATH\Commands\Server\rewrite.php(47): require_once('C:\\Users\\Moisés David\\Desktop\\Adopciones\\Adopciones\\public\\index.php')
CRITICAL - 2023-10-27 02:19:31 --> Undefined variable $mascotas
in APPPATH\Views\Adopciones\buscar.php on line 26.
 1 APPPATH\Views\Adopciones\buscar.php(26): CodeIgniter\Debug\Exceptions->errorHandler(2, 'Undefined variable $mascotas', 'C:\\Users\\Moisés David\\Desktop\\Adopciones\\Adopciones\\app\\Views\\Adopciones\\buscar.php', 26)
 2 SYSTEMPATH\View\View.php(226): include('C:\\Users\\Moisés David\\Desktop\\Adopciones\\Adopciones\\app\\Views\\Adopciones\\buscar.php')
 3 SYSTEMPATH\View\View.php(229): CodeIgniter\View\View->CodeIgniter\View\{closure}()
 4 SYSTEMPATH\Common.php(1188): CodeIgniter\View\View->render('Adopciones/buscar', [], true)
 5 APPPATH\Controllers\AdopcionesController.php(51): view('Adopciones/buscar', [...])
 6 SYSTEMPATH\CodeIgniter.php(919): App\Controllers\AdopcionesController->buscar()
 7 SYSTEMPATH\CodeIgniter.php(494): CodeIgniter\CodeIgniter->runController(Object(App\Controllers\AdopcionesController))
 8 SYSTEMPATH\CodeIgniter.php(353): CodeIgniter\CodeIgniter->handleRequest(null, Object(Config\Cache), false)
 9 FCPATH\index.php(79): CodeIgniter\CodeIgniter->run()
10 SYSTEMPATH\Commands\Server\rewrite.php(47): require_once('C:\\Users\\Moisés David\\Desktop\\Adopciones\\Adopciones\\public\\index.php')
CRITICAL - 2023-10-27 02:22:09 --> Call to a member function findAll() on null
in APPPATH\Controllers\AdopcionesController.php on line 50.
 1 SYSTEMPATH\CodeIgniter.php(919): App\Controllers\AdopcionesController->buscar()
 2 SYSTEMPATH\CodeIgniter.php(494): CodeIgniter\CodeIgniter->runController(Object(App\Controllers\AdopcionesController))
 3 SYSTEMPATH\CodeIgniter.php(353): CodeIgniter\CodeIgniter->handleRequest(null, Object(Config\Cache), false)
 4 FCPATH\index.php(79): CodeIgniter\CodeIgniter->run()
 5 SYSTEMPATH\Commands\Server\rewrite.php(47): require_once('C:\\Users\\Moisés David\\Desktop\\Adopciones\\Adopciones\\public\\index.php')
CRITICAL - 2023-10-27 02:22:32 --> Call to a member function findAll() on null
in APPPATH\Controllers\AdopcionesController.php on line 50.
 1 SYSTEMPATH\CodeIgniter.php(919): App\Controllers\AdopcionesController->buscar()
 2 SYSTEMPATH\CodeIgniter.php(494): CodeIgniter\CodeIgniter->runController(Object(App\Controllers\AdopcionesController))
 3 SYSTEMPATH\CodeIgniter.php(353): CodeIgniter\CodeIgniter->handleRequest(null, Object(Config\Cache), false)
 4 FCPATH\index.php(79): CodeIgniter\CodeIgniter->run()
 5 SYSTEMPATH\Commands\Server\rewrite.php(47): require_once('C:\\Users\\Moisés David\\Desktop\\Adopciones\\Adopciones\\public\\index.php')
CRITICAL - 2023-10-27 02:23:56 --> Undefined variable $mascotas
in APPPATH\Views\Adopciones\buscar.php on line 26.
 1 APPPATH\Views\Adopciones\buscar.php(26): CodeIgniter\Debug\Exceptions->errorHandler(2, 'Undefined variable $mascotas', 'C:\\Users\\Moisés David\\Desktop\\Adopciones\\Adopciones\\app\\Views\\Adopciones\\buscar.php', 26)
 2 SYSTEMPATH\View\View.php(226): include('C:\\Users\\Moisés David\\Desktop\\Adopciones\\Adopciones\\app\\Views\\Adopciones\\buscar.php')
 3 SYSTEMPATH\View\View.php(229): CodeIgniter\View\View->CodeIgniter\View\{closure}()
 4 SYSTEMPATH\Common.php(1188): CodeIgniter\View\View->render('Adopciones/buscar', [], true)
 5 APPPATH\Controllers\AdopcionesController.php(56): view('Adopciones/buscar', [...])
 6 SYSTEMPATH\CodeIgniter.php(919): App\Controllers\AdopcionesController->buscar()
 7 SYSTEMPATH\CodeIgniter.php(494): CodeIgniter\CodeIgniter->runController(Object(App\Controllers\AdopcionesController))
 8 SYSTEMPATH\CodeIgniter.php(353): CodeIgniter\CodeIgniter->handleRequest(null, Object(Config\Cache), false)
 9 FCPATH\index.php(79): CodeIgniter\CodeIgniter->run()
10 SYSTEMPATH\Commands\Server\rewrite.php(47): require_once('C:\\Users\\Moisés David\\Desktop\\Adopciones\\Adopciones\\public\\index.php')
ERROR - 2023-10-27 02:49:11 --> mysqli_sql_exception: Cannot add or update a child row: a foreign key constraint fails in C:\Users\Moisés David\Desktop\Adopciones\Adopciones\system\Database\MySQLi\Connection.php:306
Stack trace:
#0 C:\Users\Moisés David\Desktop\Adopciones\Adopciones\system\Database\MySQLi\Connection.php(306): mysqli->query('INSERT INTO `ad...', 0)
#1 C:\Users\Moisés David\Desktop\Adopciones\Adopciones\system\Database\BaseConnection.php(692): CodeIgniter\Database\MySQLi\Connection->execute('INSERT INTO `ad...')
#2 C:\Users\Moisés David\Desktop\Adopciones\Adopciones\system\Database\BaseConnection.php(606): CodeIgniter\Database\BaseConnection->simpleQuery('INSERT INTO `ad...')
#3 C:\Users\Moisés David\Desktop\Adopciones\Adopciones\system\Database\BaseBuilder.php(2308): CodeIgniter\Database\BaseConnection->query('INSERT INTO `ad...', Array, false)
#4 C:\Users\Moisés David\Desktop\Adopciones\Adopciones\system\Model.php(319): CodeIgniter\Database\BaseBuilder->insert()
#5 C:\Users\Moisés David\Desktop\Adopciones\Adopciones\system\BaseModel.php(788): CodeIgniter\Model->doInsert(Array)
#6 C:\Users\Moisés David\Desktop\Adopciones\Adopciones\system\Model.php(715): CodeIgniter\BaseModel->insert(Array, false)
#7 C:\Users\Moisés David\Desktop\Adopciones\Adopciones\app\Controllers\AdopcionesController.php(71): CodeIgniter\Model->insert(Array, false)
#8 C:\Users\Moisés David\Desktop\Adopciones\Adopciones\system\CodeIgniter.php(919): App\Controllers\AdopcionesController->insertar()
#9 C:\Users\Moisés David\Desktop\Adopciones\Adopciones\system\CodeIgniter.php(494): CodeIgniter\CodeIgniter->runController(Object(App\Controllers\AdopcionesController))
#10 C:\Users\Moisés David\Desktop\Adopciones\Adopciones\system\CodeIgniter.php(353): CodeIgniter\CodeIgniter->handleRequest(NULL, Object(Config\Cache), false)
#11 C:\Users\Moisés David\Desktop\Adopciones\Adopciones\public\index.php(79): CodeIgniter\CodeIgniter->run()
#12 C:\Users\Moisés David\Desktop\Adopciones\Adopciones\system\Commands\Server\rewrite.php(47): require_once('C:\\Users\\Mois\xC3\xA9...')
#13 {main}
CRITICAL - 2023-10-27 02:49:11 --> Cannot add or update a child row: a foreign key constraint fails
in SYSTEMPATH\Database\BaseConnection.php on line 646.
 1 SYSTEMPATH\Database\BaseBuilder.php(2308): CodeIgniter\Database\BaseConnection->query('INSERT INTO `adopcion` (`idMascota`, `idAdoptador`, `fechaAdopcion`, `estatus`) VALUES (:idMascota:, :idAdoptador:, :fechaAdopcion:, :estatus:)', [...], false)
 2 SYSTEMPATH\Model.php(319): CodeIgniter\Database\BaseBuilder->insert()
 3 SYSTEMPATH\BaseModel.php(788): CodeIgniter\Model->doInsert([...])
 4 SYSTEMPATH\Model.php(715): CodeIgniter\BaseModel->insert([...], false)
 5 APPPATH\Controllers\AdopcionesController.php(71): CodeIgniter\Model->insert([...], false)
 6 SYSTEMPATH\CodeIgniter.php(919): App\Controllers\AdopcionesController->insertar()
 7 SYSTEMPATH\CodeIgniter.php(494): CodeIgniter\CodeIgniter->runController(Object(App\Controllers\AdopcionesController))
 8 SYSTEMPATH\CodeIgniter.php(353): CodeIgniter\CodeIgniter->handleRequest(null, Object(Config\Cache), false)
 9 FCPATH\index.php(79): CodeIgniter\CodeIgniter->run()
10 SYSTEMPATH\Commands\Server\rewrite.php(47): require_once('C:\\Users\\Moisés David\\Desktop\\Adopciones\\Adopciones\\public\\index.php')
ERROR - 2023-10-27 02:58:23 --> mysqli_sql_exception: Cannot add or update a child row: a foreign key constraint fails in C:\Users\Moisés David\Desktop\Adopciones\Adopciones\system\Database\MySQLi\Connection.php:306
Stack trace:
#0 C:\Users\Moisés David\Desktop\Adopciones\Adopciones\system\Database\MySQLi\Connection.php(306): mysqli->query('UPDATE `adopcio...', 0)
#1 C:\Users\Moisés David\Desktop\Adopciones\Adopciones\system\Database\BaseConnection.php(692): CodeIgniter\Database\MySQLi\Connection->execute('UPDATE `adopcio...')
#2 C:\Users\Moisés David\Desktop\Adopciones\Adopciones\system\Database\BaseConnection.php(606): CodeIgniter\Database\BaseConnection->simpleQuery('UPDATE `adopcio...')
#3 C:\Users\Moisés David\Desktop\Adopciones\Adopciones\system\Database\BaseBuilder.php(2475): CodeIgniter\Database\BaseConnection->query('UPDATE `adopcio...', Array, false)
#4 C:\Users\Moisés David\Desktop\Adopciones\Adopciones\system\Model.php(385): CodeIgniter\Database\BaseBuilder->update()
#5 C:\Users\Moisés David\Desktop\Adopciones\Adopciones\system\BaseModel.php(949): CodeIgniter\Model->doUpdate(Array, Array)
#6 C:\Users\Moisés David\Desktop\Adopciones\Adopciones\system\Model.php(776): CodeIgniter\BaseModel->update(Array, Array)
#7 C:\Users\Moisés David\Desktop\Adopciones\Adopciones\app\Controllers\AdopcionesController.php(91): CodeIgniter\Model->update('3', Array)
#8 C:\Users\Moisés David\Desktop\Adopciones\Adopciones\system\CodeIgniter.php(919): App\Controllers\AdopcionesController->update()
#9 C:\Users\Moisés David\Desktop\Adopciones\Adopciones\system\CodeIgniter.php(494): CodeIgniter\CodeIgniter->runController(Object(App\Controllers\AdopcionesController))
#10 C:\Users\Moisés David\Desktop\Adopciones\Adopciones\system\CodeIgniter.php(353): CodeIgniter\CodeIgniter->handleRequest(NULL, Object(Config\Cache), false)
#11 C:\Users\Moisés David\Desktop\Adopciones\Adopciones\public\index.php(79): CodeIgniter\CodeIgniter->run()
#12 C:\Users\Moisés David\Desktop\Adopciones\Adopciones\system\Commands\Server\rewrite.php(47): require_once('C:\\Users\\Mois\xC3\xA9...')
#13 {main}
CRITICAL - 2023-10-27 02:58:23 --> Cannot add or update a child row: a foreign key constraint fails
in SYSTEMPATH\Database\BaseConnection.php on line 646.
 1 SYSTEMPATH\Database\BaseBuilder.php(2475): CodeIgniter\Database\BaseConnection->query('UPDATE `adopcion` SET `idAdoptador` = :idAdoptador:, `idMascota` = :idMascota:, `fechaAdopcion` = :fechaAdopcion:, `estatus` = :estatus:
WHERE `adopcion`.`idAdopcion` IN :adopcion.idAdopcion:', [...], false)
 2 SYSTEMPATH\Model.php(385): CodeIgniter\Database\BaseBuilder->update()
 3 SYSTEMPATH\BaseModel.php(949): CodeIgniter\Model->doUpdate([...], [...])
 4 SYSTEMPATH\Model.php(776): CodeIgniter\BaseModel->update([...], [...])
 5 APPPATH\Controllers\AdopcionesController.php(91): CodeIgniter\Model->update('3', [...])
 6 SYSTEMPATH\CodeIgniter.php(919): App\Controllers\AdopcionesController->update()
 7 SYSTEMPATH\CodeIgniter.php(494): CodeIgniter\CodeIgniter->runController(Object(App\Controllers\AdopcionesController))
 8 SYSTEMPATH\CodeIgniter.php(353): CodeIgniter\CodeIgniter->handleRequest(null, Object(Config\Cache), false)
 9 FCPATH\index.php(79): CodeIgniter\CodeIgniter->run()
10 SYSTEMPATH\Commands\Server\rewrite.php(47): require_once('C:\\Users\\Moisés David\\Desktop\\Adopciones\\Adopciones\\public\\index.php')
ERROR - 2023-10-27 02:59:56 --> mysqli_sql_exception: Cannot add or update a child row: a foreign key constraint fails in C:\Users\Moisés David\Desktop\Adopciones\Adopciones\system\Database\MySQLi\Connection.php:306
Stack trace:
#0 C:\Users\Moisés David\Desktop\Adopciones\Adopciones\system\Database\MySQLi\Connection.php(306): mysqli->query('UPDATE `adopcio...', 0)
#1 C:\Users\Moisés David\Desktop\Adopciones\Adopciones\system\Database\BaseConnection.php(692): CodeIgniter\Database\MySQLi\Connection->execute('UPDATE `adopcio...')
#2 C:\Users\Moisés David\Desktop\Adopciones\Adopciones\system\Database\BaseConnection.php(606): CodeIgniter\Database\BaseConnection->simpleQuery('UPDATE `adopcio...')
#3 C:\Users\Moisés David\Desktop\Adopciones\Adopciones\system\Database\BaseBuilder.php(2475): CodeIgniter\Database\BaseConnection->query('UPDATE `adopcio...', Array, false)
#4 C:\Users\Moisés David\Desktop\Adopciones\Adopciones\system\Model.php(385): CodeIgniter\Database\BaseBuilder->update()
#5 C:\Users\Moisés David\Desktop\Adopciones\Adopciones\system\BaseModel.php(949): CodeIgniter\Model->doUpdate(Array, Array)
#6 C:\Users\Moisés David\Desktop\Adopciones\Adopciones\system\Model.php(776): CodeIgniter\BaseModel->update(Array, Array)
#7 C:\Users\Moisés David\Desktop\Adopciones\Adopciones\app\Controllers\AdopcionesController.php(91): CodeIgniter\Model->update('3', Array)
#8 C:\Users\Moisés David\Desktop\Adopciones\Adopciones\system\CodeIgniter.php(919): App\Controllers\AdopcionesController->update()
#9 C:\Users\Moisés David\Desktop\Adopciones\Adopciones\system\CodeIgniter.php(494): CodeIgniter\CodeIgniter->runController(Object(App\Controllers\AdopcionesController))
#10 C:\Users\Moisés David\Desktop\Adopciones\Adopciones\system\CodeIgniter.php(353): CodeIgniter\CodeIgniter->handleRequest(NULL, Object(Config\Cache), false)
#11 C:\Users\Moisés David\Desktop\Adopciones\Adopciones\public\index.php(79): CodeIgniter\CodeIgniter->run()
#12 C:\Users\Moisés David\Desktop\Adopciones\Adopciones\system\Commands\Server\rewrite.php(47): require_once('C:\\Users\\Mois\xC3\xA9...')
#13 {main}
CRITICAL - 2023-10-27 02:59:56 --> Cannot add or update a child row: a foreign key constraint fails
in SYSTEMPATH\Database\BaseConnection.php on line 646.
 1 SYSTEMPATH\Database\BaseBuilder.php(2475): CodeIgniter\Database\BaseConnection->query('UPDATE `adopcion` SET `idAdoptador` = :idAdoptador:, `idMascota` = :idMascota:, `fechaAdopcion` = :fechaAdopcion:, `estatus` = :estatus:
WHERE `adopcion`.`idAdopcion` IN :adopcion.idAdopcion:', [...], false)
 2 SYSTEMPATH\Model.php(385): CodeIgniter\Database\BaseBuilder->update()
 3 SYSTEMPATH\BaseModel.php(949): CodeIgniter\Model->doUpdate([...], [...])
 4 SYSTEMPATH\Model.php(776): CodeIgniter\BaseModel->update([...], [...])
 5 APPPATH\Controllers\AdopcionesController.php(91): CodeIgniter\Model->update('3', [...])
 6 SYSTEMPATH\CodeIgniter.php(919): App\Controllers\AdopcionesController->update()
 7 SYSTEMPATH\CodeIgniter.php(494): CodeIgniter\CodeIgniter->runController(Object(App\Controllers\AdopcionesController))
 8 SYSTEMPATH\CodeIgniter.php(353): CodeIgniter\CodeIgniter->handleRequest(null, Object(Config\Cache), false)
 9 FCPATH\index.php(79): CodeIgniter\CodeIgniter->run()
10 SYSTEMPATH\Commands\Server\rewrite.php(47): require_once('C:\\Users\\Moisés David\\Desktop\\Adopciones\\Adopciones\\public\\index.php')
ERROR - 2023-10-27 02:59:58 --> mysqli_sql_exception: Cannot add or update a child row: a foreign key constraint fails in C:\Users\Moisés David\Desktop\Adopciones\Adopciones\system\Database\MySQLi\Connection.php:306
Stack trace:
#0 C:\Users\Moisés David\Desktop\Adopciones\Adopciones\system\Database\MySQLi\Connection.php(306): mysqli->query('UPDATE `adopcio...', 0)
#1 C:\Users\Moisés David\Desktop\Adopciones\Adopciones\system\Database\BaseConnection.php(692): CodeIgniter\Database\MySQLi\Connection->execute('UPDATE `adopcio...')
#2 C:\Users\Moisés David\Desktop\Adopciones\Adopciones\system\Database\BaseConnection.php(606): CodeIgniter\Database\BaseConnection->simpleQuery('UPDATE `adopcio...')
#3 C:\Users\Moisés David\Desktop\Adopciones\Adopciones\system\Database\BaseBuilder.php(2475): CodeIgniter\Database\BaseConnection->query('UPDATE `adopcio...', Array, false)
#4 C:\Users\Moisés David\Desktop\Adopciones\Adopciones\system\Model.php(385): CodeIgniter\Database\BaseBuilder->update()
#5 C:\Users\Moisés David\Desktop\Adopciones\Adopciones\system\BaseModel.php(949): CodeIgniter\Model->doUpdate(Array, Array)
#6 C:\Users\Moisés David\Desktop\Adopciones\Adopciones\system\Model.php(776): CodeIgniter\BaseModel->update(Array, Array)
#7 C:\Users\Moisés David\Desktop\Adopciones\Adopciones\app\Controllers\AdopcionesController.php(91): CodeIgniter\Model->update('3', Array)
#8 C:\Users\Moisés David\Desktop\Adopciones\Adopciones\system\CodeIgniter.php(919): App\Controllers\AdopcionesController->update()
#9 C:\Users\Moisés David\Desktop\Adopciones\Adopciones\system\CodeIgniter.php(494): CodeIgniter\CodeIgniter->runController(Object(App\Controllers\AdopcionesController))
#10 C:\Users\Moisés David\Desktop\Adopciones\Adopciones\system\CodeIgniter.php(353): CodeIgniter\CodeIgniter->handleRequest(NULL, Object(Config\Cache), false)
#11 C:\Users\Moisés David\Desktop\Adopciones\Adopciones\public\index.php(79): CodeIgniter\CodeIgniter->run()
#12 C:\Users\Moisés David\Desktop\Adopciones\Adopciones\system\Commands\Server\rewrite.php(47): require_once('C:\\Users\\Mois\xC3\xA9...')
#13 {main}
CRITICAL - 2023-10-27 02:59:58 --> Cannot add or update a child row: a foreign key constraint fails
in SYSTEMPATH\Database\BaseConnection.php on line 646.
 1 SYSTEMPATH\Database\BaseBuilder.php(2475): CodeIgniter\Database\BaseConnection->query('UPDATE `adopcion` SET `idAdoptador` = :idAdoptador:, `idMascota` = :idMascota:, `fechaAdopcion` = :fechaAdopcion:, `estatus` = :estatus:
WHERE `adopcion`.`idAdopcion` IN :adopcion.idAdopcion:', [...], false)
 2 SYSTEMPATH\Model.php(385): CodeIgniter\Database\BaseBuilder->update()
 3 SYSTEMPATH\BaseModel.php(949): CodeIgniter\Model->doUpdate([...], [...])
 4 SYSTEMPATH\Model.php(776): CodeIgniter\BaseModel->update([...], [...])
 5 APPPATH\Controllers\AdopcionesController.php(91): CodeIgniter\Model->update('3', [...])
 6 SYSTEMPATH\CodeIgniter.php(919): App\Controllers\AdopcionesController->update()
 7 SYSTEMPATH\CodeIgniter.php(494): CodeIgniter\CodeIgniter->runController(Object(App\Controllers\AdopcionesController))
 8 SYSTEMPATH\CodeIgniter.php(353): CodeIgniter\CodeIgniter->handleRequest(null, Object(Config\Cache), false)
 9 FCPATH\index.php(79): CodeIgniter\CodeIgniter->run()
10 SYSTEMPATH\Commands\Server\rewrite.php(47): require_once('C:\\Users\\Moisés David\\Desktop\\Adopciones\\Adopciones\\public\\index.php')
