ERROR - 2023-10-25 20:15:34 --> Error connecting to the database: mysqli_sql_exception: Unknown database 'adopciones' in C:\Users\Moisés David\Desktop\Adopciones\Adopciones\system\Database\MySQLi\Connection.php:184
Stack trace:
#0 C:\Users\Moisés David\Desktop\Adopciones\Adopciones\system\Database\MySQLi\Connection.php(184): mysqli->real_connect('127.0.0.1', 'david', Object(SensitiveParameterValue), 'Adopciones', 3306, '', 0)
#1 C:\Users\Moisés David\Desktop\Adopciones\Adopciones\system\Database\BaseConnection.php(391): CodeIgniter\Database\MySQLi\Connection->connect(false)
#2 C:\Users\Moisés David\Desktop\Adopciones\Adopciones\system\Database\BaseConnection.php(574): CodeIgniter\Database\BaseConnection->initialize()
#3 C:\Users\Moisés David\Desktop\Adopciones\Adopciones\system\Database\BaseBuilder.php(1615): CodeIgniter\Database\BaseConnection->query('SELECT *\nFROM `...', Array, false)
#4 C:\Users\Moisés David\Desktop\Adopciones\Adopciones\system\Model.php(237): CodeIgniter\Database\BaseBuilder->get()
#5 C:\Users\Moisés David\Desktop\Adopciones\Adopciones\system\BaseModel.php(624): CodeIgniter\Model->doFindAll(0, 0)
#6 C:\Users\Moisés David\Desktop\Adopciones\Adopciones\app\Controllers\MascotaController.php(12): CodeIgniter\BaseModel->findAll()
#7 C:\Users\Moisés David\Desktop\Adopciones\Adopciones\system\CodeIgniter.php(919): App\Controllers\MascotaController->mostrar()
#8 C:\Users\Moisés David\Desktop\Adopciones\Adopciones\system\CodeIgniter.php(494): CodeIgniter\CodeIgniter->runController(Object(App\Controllers\MascotaController))
#9 C:\Users\Moisés David\Desktop\Adopciones\Adopciones\system\CodeIgniter.php(353): CodeIgniter\CodeIgniter->handleRequest(NULL, Object(Config\Cache), false)
#10 C:\Users\Moisés David\Desktop\Adopciones\Adopciones\public\index.php(79): CodeIgniter\CodeIgniter->run()
#11 C:\Users\Moisés David\Desktop\Adopciones\Adopciones\system\Commands\Server\rewrite.php(47): require_once('C:\\Users\\Mois\xC3\xA9...')
#12 {main}

Next CodeIgniter\Database\Exceptions\DatabaseException: Unknown database 'adopciones' in C:\Users\Moisés David\Desktop\Adopciones\Adopciones\system\Database\MySQLi\Connection.php:229
Stack trace:
#0 C:\Users\Moisés David\Desktop\Adopciones\Adopciones\system\Database\BaseConnection.php(391): CodeIgniter\Database\MySQLi\Connection->connect(false)
#1 C:\Users\Moisés David\Desktop\Adopciones\Adopciones\system\Database\BaseConnection.php(574): CodeIgniter\Database\BaseConnection->initialize()
#2 C:\Users\Moisés David\Desktop\Adopciones\Adopciones\system\Database\BaseBuilder.php(1615): CodeIgniter\Database\BaseConnection->query('SELECT *\nFROM `...', Array, false)
#3 C:\Users\Moisés David\Desktop\Adopciones\Adopciones\system\Model.php(237): CodeIgniter\Database\BaseBuilder->get()
#4 C:\Users\Moisés David\Desktop\Adopciones\Adopciones\system\BaseModel.php(624): CodeIgniter\Model->doFindAll(0, 0)
#5 C:\Users\Moisés David\Desktop\Adopciones\Adopciones\app\Controllers\MascotaController.php(12): CodeIgniter\BaseModel->findAll()
#6 C:\Users\Moisés David\Desktop\Adopciones\Adopciones\system\CodeIgniter.php(919): App\Controllers\MascotaController->mostrar()
#7 C:\Users\Moisés David\Desktop\Adopciones\Adopciones\system\CodeIgniter.php(494): CodeIgniter\CodeIgniter->runController(Object(App\Controllers\MascotaController))
#8 C:\Users\Moisés David\Desktop\Adopciones\Adopciones\system\CodeIgniter.php(353): CodeIgniter\CodeIgniter->handleRequest(NULL, Object(Config\Cache), false)
#9 C:\Users\Moisés David\Desktop\Adopciones\Adopciones\public\index.php(79): CodeIgniter\CodeIgniter->run()
#10 C:\Users\Moisés David\Desktop\Adopciones\Adopciones\system\Commands\Server\rewrite.php(47): require_once('C:\\Users\\Mois\xC3\xA9...')
#11 {main}
CRITICAL - 2023-10-25 20:15:34 --> Unable to connect to the database.
Main connection [MySQLi]: Unknown database 'adopciones'
in SYSTEMPATH\Database\BaseConnection.php on line 427.
 1 SYSTEMPATH\Database\BaseConnection.php(574): CodeIgniter\Database\BaseConnection->initialize()
 2 SYSTEMPATH\Database\BaseBuilder.php(1615): CodeIgniter\Database\BaseConnection->query('SELECT *
FROM `mascota`', [], false)
 3 SYSTEMPATH\Model.php(237): CodeIgniter\Database\BaseBuilder->get()
 4 SYSTEMPATH\BaseModel.php(624): CodeIgniter\Model->doFindAll(0, 0)
 5 APPPATH\Controllers\MascotaController.php(12): CodeIgniter\BaseModel->findAll()
 6 SYSTEMPATH\CodeIgniter.php(919): App\Controllers\MascotaController->mostrar()
 7 SYSTEMPATH\CodeIgniter.php(494): CodeIgniter\CodeIgniter->runController(Object(App\Controllers\MascotaController))
 8 SYSTEMPATH\CodeIgniter.php(353): CodeIgniter\CodeIgniter->handleRequest(null, Object(Config\Cache), false)
 9 FCPATH\index.php(79): CodeIgniter\CodeIgniter->run()
10 SYSTEMPATH\Commands\Server\rewrite.php(47): require_once('C:\\Users\\Moisés David\\Desktop\\Adopciones\\Adopciones\\public\\index.php')
CRITICAL - 2023-10-25 20:32:09 --> Call to a member function findAll() on null
in APPPATH\Controllers\AdopcionesController.php on line 40.
 1 SYSTEMPATH\CodeIgniter.php(919): App\Controllers\AdopcionesController->buscar()
 2 SYSTEMPATH\CodeIgniter.php(494): CodeIgniter\CodeIgniter->runController(Object(App\Controllers\AdopcionesController))
 3 SYSTEMPATH\CodeIgniter.php(353): CodeIgniter\CodeIgniter->handleRequest(null, Object(Config\Cache), false)
 4 FCPATH\index.php(79): CodeIgniter\CodeIgniter->run()
 5 SYSTEMPATH\Commands\Server\rewrite.php(47): require_once('C:\\Users\\Moisés David\\Desktop\\Adopciones\\Adopciones\\public\\index.php')
CRITICAL - 2023-10-25 20:51:47 --> Undefined variable $adopcion
in APPPATH\Views\Razas\mostrar.php on line 19.
 1 APPPATH\Views\Razas\mostrar.php(19): CodeIgniter\Debug\Exceptions->errorHandler(2, 'Undefined variable $adopcion', 'C:\\Users\\Moisés David\\Desktop\\Adopciones\\Adopciones\\app\\Views\\Razas\\mostrar.php', 19)
 2 SYSTEMPATH\View\View.php(226): include('C:\\Users\\Moisés David\\Desktop\\Adopciones\\Adopciones\\app\\Views\\Razas\\mostrar.php')
 3 SYSTEMPATH\View\View.php(229): CodeIgniter\View\View->CodeIgniter\View\{closure}()
 4 SYSTEMPATH\Common.php(1188): CodeIgniter\View\View->render('Razas/mostrar', [], true)
 5 APPPATH\Controllers\RazaController.php(16): view('Razas/mostrar', [...])
 6 SYSTEMPATH\CodeIgniter.php(919): App\Controllers\RazaController->mostrar()
 7 SYSTEMPATH\CodeIgniter.php(494): CodeIgniter\CodeIgniter->runController(Object(App\Controllers\RazaController))
 8 SYSTEMPATH\CodeIgniter.php(353): CodeIgniter\CodeIgniter->handleRequest(null, Object(Config\Cache), false)
 9 FCPATH\index.php(79): CodeIgniter\CodeIgniter->run()
10 SYSTEMPATH\Commands\Server\rewrite.php(47): require_once('C:\\Users\\Moisés David\\Desktop\\Adopciones\\Adopciones\\public\\index.php')
CRITICAL - 2023-10-25 22:38:04 --> Undefined variable $raza
in APPPATH\Views\Dietas\buscar.php on line 43.
 1 APPPATH\Views\Dietas\buscar.php(43): CodeIgniter\Debug\Exceptions->errorHandler(2, 'Undefined variable $raza', 'C:\\Users\\Moisés David\\Desktop\\Adopciones\\Adopciones\\app\\Views\\Dietas\\buscar.php', 43)
 2 SYSTEMPATH\View\View.php(226): include('C:\\Users\\Moisés David\\Desktop\\Adopciones\\Adopciones\\app\\Views\\Dietas\\buscar.php')
 3 SYSTEMPATH\View\View.php(229): CodeIgniter\View\View->CodeIgniter\View\{closure}()
 4 SYSTEMPATH\Common.php(1188): CodeIgniter\View\View->render('Dietas/buscar', [], true)
 5 APPPATH\Controllers\DietaController.php(44): view('Dietas/buscar', [...])
 6 SYSTEMPATH\CodeIgniter.php(919): App\Controllers\DietaController->buscar()
 7 SYSTEMPATH\CodeIgniter.php(494): CodeIgniter\CodeIgniter->runController(Object(App\Controllers\DietaController))
 8 SYSTEMPATH\CodeIgniter.php(353): CodeIgniter\CodeIgniter->handleRequest(null, Object(Config\Cache), false)
 9 FCPATH\index.php(79): CodeIgniter\CodeIgniter->run()
10 SYSTEMPATH\Commands\Server\rewrite.php(47): require_once('C:\\Users\\Moisés David\\Desktop\\Adopciones\\Adopciones\\public\\index.php')
CRITICAL - 2023-10-25 23:25:43 --> Undefined property: stdClass::$imagen
in APPPATH\Views\Mascotas\mostrar.php on line 33.
 1 APPPATH\Views\Mascotas\mostrar.php(33): CodeIgniter\Debug\Exceptions->errorHandler(2, 'Undefined property: stdClass::$imagen', 'C:\\Users\\Moisés David\\Desktop\\Adopciones\\Adopciones\\app\\Views\\Mascotas\\mostrar.php', 33)
 2 SYSTEMPATH\View\View.php(226): include('C:\\Users\\Moisés David\\Desktop\\Adopciones\\Adopciones\\app\\Views\\Mascotas\\mostrar.php')
 3 SYSTEMPATH\View\View.php(229): CodeIgniter\View\View->CodeIgniter\View\{closure}()
 4 SYSTEMPATH\Common.php(1188): CodeIgniter\View\View->render('Mascotas/mostrar', [], true)
 5 APPPATH\Controllers\MascotaController.php(16): view('Mascotas/mostrar', [...])
 6 SYSTEMPATH\CodeIgniter.php(919): App\Controllers\MascotaController->mostrar()
 7 SYSTEMPATH\CodeIgniter.php(494): CodeIgniter\CodeIgniter->runController(Object(App\Controllers\MascotaController))
 8 SYSTEMPATH\CodeIgniter.php(353): CodeIgniter\CodeIgniter->handleRequest(null, Object(Config\Cache), false)
 9 FCPATH\index.php(79): CodeIgniter\CodeIgniter->run()
10 SYSTEMPATH\Commands\Server\rewrite.php(47): require_once('C:\\Users\\Moisés David\\Desktop\\Adopciones\\Adopciones\\public\\index.php')
